0 info it worked if it ends with ok
1 verbose cli [ 'C:\\Program Files\\nodejs\\\\node.exe',
1 verbose cli   'C:\\Program Files\\nodejs\\node_modules\\npm\\bin\\npm-cli.js',
1 verbose cli   'run-script',
1 verbose cli   'start' ]
2 info using npm@1.2.0
3 info using node@v0.8.17
4 verbose node symlink C:\Program Files\nodejs\\node.exe
5 verbose read json D:\Projekte\dcodeIO.git\wildcards\package.json
6 verbose run-script [ 'prestart', 'start', 'poststart' ]
7 info prestart wildcardsgame@0.6.1
8 info start wildcardsgame@0.6.1
9 verbose unsafe-perm in lifecycle true
10 silly exec cmd "/c" "node scripts/start.js"
11 silly cmd,/c,node scripts/start.js,D:\Projekte\dcodeIO.git\wildcards spawning
12 info wildcardsgame@0.6.1 Failed to exec start script
13 error wildcardsgame@0.6.1 start: `node scripts/start.js`
13 error `cmd "/c" "node scripts/start.js"` failed with 1
14 error Failed at the wildcardsgame@0.6.1 start script.
14 error This is most likely a problem with the wildcardsgame package,
14 error not with npm itself.
14 error Tell the author that this fails on your system:
14 error     node scripts/start.js
14 error You can get their info via:
14 error     npm owner ls wildcardsgame
14 error There is likely additional logging output above.
15 error System Windows_NT 6.2.9200
16 error command "C:\\Program Files\\nodejs\\\\node.exe" "C:\\Program Files\\nodejs\\node_modules\\npm\\bin\\npm-cli.js" "run-script" "start"
17 error cwd D:\Projekte\dcodeIO.git\wildcards
18 error node -v v0.8.17
19 error npm -v 1.2.0
20 error code ELIFECYCLE
21 verbose exit [ 1, true ]
